<?xml version="1.0" encoding="UTF-8"?>
<testsuite xmlns:xsi="http://www.w3.org/2001/XMLSchema-instance" xsi:noNamespaceSchemaLocation="https://maven.apache.org/surefire/maven-surefire-plugin/xsd/surefire-test-report.xsd" name="com.marand.medAPI.Common.Validators.FieldValidatorTest" time="0.017" tests="43" errors="0" skipped="0" failures="0">
  <properties>
[...]
</properties>
  <testcase name="givenDTOArrayWithValues_isValidArray_returnsFalse" classname="com.marand.medAPI.Common.Validators.FieldValidatorTest" time="0.001"/>
  <testcase name="givenEntityArray_isValidEntityCollection_returnsFalse" classname="com.marand.medAPI.Common.Validators.FieldValidatorTest" time="0"/>
  <testcase name="givenObject_inParamMap_withValue_returnsTrue" classname="com.marand.medAPI.Common.Validators.FieldValidatorTest" time="0"/>
  <testcase name="givenFieldWithNameEqualToPassedString_whenCheckNameEqualityCalled_returnsTrue" classname="com.marand.medAPI.Common.Validators.FieldValidatorTest" time="0"/>
  <testcase name="givenSingleton_isValidCollection_returnsFalse" classname="com.marand.medAPI.Common.Validators.FieldValidatorTest" time="0"/>
  <testcase name="givenNonEntityClass_isValidEntity_returnsFalse" classname="com.marand.medAPI.Common.Validators.FieldValidatorTest" time="0"/>
  <testcase name="givenNonEntityClassCollection_isValidEntityCollection_returnsFalse" classname="com.marand.medAPI.Common.Validators.FieldValidatorTest" time="0"/>
  <testcase name="givenEntityWithReflectWithAnnotatedParam_isReflectableField_returnsTrue" classname="com.marand.medAPI.Common.Validators.FieldValidatorTest" time="0"/>
  <testcase name="givenNullParam_" classname="com.marand.medAPI.Common.Validators.FieldValidatorTest" time="0"/>
  <testcase name="givenEqualTypeFieldAndArrayType_" classname="com.marand.medAPI.Common.Validators.FieldValidatorTest" time="0"/>
  <testcase name="givenNull_isValidSingleton_returnsFalse" classname="com.marand.medAPI.Common.Validators.FieldValidatorTest" time="0"/>
  <testcase name="givenEqualTypeFieldAndPrimitive_" classname="com.marand.medAPI.Common.Validators.FieldValidatorTest" time="0"/>
  <testcase name="givenUnequalTypeFieldAndObject_whenCheckTypeEqualityCalled_ReturnsFalse" classname="com.marand.medAPI.Common.Validators.FieldValidatorTest" time="0"/>
  <testcase name="givenBaseEntityCollection_isValidEntityCollection_returnsTrue" classname="com.marand.medAPI.Common.Validators.FieldValidatorTest" time="0"/>
  <testcase name="givenSingleton_isValidArray_returnsFalse" classname="com.marand.medAPI.Common.Validators.FieldValidatorTest" time="0"/>
  <testcase name="givenCollection_isValidSingleton_returnsFalse" classname="com.marand.medAPI.Common.Validators.FieldValidatorTest" time="0"/>
  <testcase name="givenNull_isValidEntity_returnsFalse" classname="com.marand.medAPI.Common.Validators.FieldValidatorTest" time="0"/>
  <testcase name="givenArray_isValidCollection_returnsFalse" classname="com.marand.medAPI.Common.Validators.FieldValidatorTest" time="0"/>
  <testcase name="givenBaseEntity_isValidEntity_returnsTrue" classname="com.marand.medAPI.Common.Validators.FieldValidatorTest" time="0"/>
  <testcase name="givenNull_isValidEntityCollection_returnsFalse" classname="com.marand.medAPI.Common.Validators.FieldValidatorTest" time="0"/>
  <testcase name="givenGeneratedIdEntity_isValidEntity_returnsTrue" classname="com.marand.medAPI.Common.Validators.FieldValidatorTest" time="0"/>
  <testcase name="givenEqualTypeFieldAndSetType_" classname="com.marand.medAPI.Common.Validators.FieldValidatorTest" time="0"/>
  <testcase name="givenNonDTOCollectionWithValues_isValidCollection_returnsFalse" classname="com.marand.medAPI.Common.Validators.FieldValidatorTest" time="0"/>
  <testcase name="givenFieldWithNameUnequalToPassedString__returnsFalse" classname="com.marand.medAPI.Common.Validators.FieldValidatorTest" time="0.001"/>
  <testcase name="givenEmptyArray_isValidArray_returnsFalse" classname="com.marand.medAPI.Common.Validators.FieldValidatorTest" time="0"/>
  <testcase name="givenNonDTOArrayWithValues_isValidArray_returnsFalse" classname="com.marand.medAPI.Common.Validators.FieldValidatorTest" time="0"/>
  <testcase name="givenGeneratedIdEntityCollection_isValidEntityCollection_returnsTrue" classname="com.marand.medAPI.Common.Validators.FieldValidatorTest" time="0"/>
  <testcase name="givenUnequalTypeFieldAndArrayType_" classname="com.marand.medAPI.Common.Validators.FieldValidatorTest" time="0"/>
  <testcase name="givenUnequalTypeFieldAndPrimitive_" classname="com.marand.medAPI.Common.Validators.FieldValidatorTest" time="0"/>
  <testcase name="givenEntityArray_isValidEntity_returnsFalse" classname="com.marand.medAPI.Common.Validators.FieldValidatorTest" time="0"/>
  <testcase name="givenEntity_isValidEntityCollection_returnsFalse" classname="com.marand.medAPI.Common.Validators.FieldValidatorTest" time="0"/>
  <testcase name="givenNonAnnotatedField_isReflectableField_returnsFalse" classname="com.marand.medAPI.Common.Validators.FieldValidatorTest" time="0"/>
  <testcase name="givenNonValidSingleton_isValidSingleton_returnsFalse" classname="com.marand.medAPI.Common.Validators.FieldValidatorTest" time="0"/>
  <testcase name="givenPrimitive_inParamMap_withValue_whenCheckNotDefaultCalled_returnsTrue" classname="com.marand.medAPI.Common.Validators.FieldValidatorTest" time="0"/>
  <testcase name="givenEqualTypeFieldAndObject_whenCheckTypeEqualityCalled_ReturnsTrue" classname="com.marand.medAPI.Common.Validators.FieldValidatorTest" time="0"/>
  <testcase name="givenEntityCollection_isValidEntity_returnsFalse" classname="com.marand.medAPI.Common.Validators.FieldValidatorTest" time="0"/>
  <testcase name="givenArray_isValidSingleton_returnsFalse" classname="com.marand.medAPI.Common.Validators.FieldValidatorTest" time="0"/>
  <testcase name="givenEmptyCollection_isValidCollection_returnsFalse" classname="com.marand.medAPI.Common.Validators.FieldValidatorTest" time="0"/>
  <testcase name="givenPrimitive_inParamMap_withDefaultValue_whenCheckNotDefaultCalled_returnsFalse" classname="com.marand.medAPI.Common.Validators.FieldValidatorTest" time="0"/>
  <testcase name="givenSingleton_isValidSingleton_returnsTrue" classname="com.marand.medAPI.Common.Validators.FieldValidatorTest" time="0"/>
  <testcase name="givenObject_inParamMap_withNullValue_returnsFalse" classname="com.marand.medAPI.Common.Validators.FieldValidatorTest" time="0.001"/>
  <testcase name="givenDTOCollectionWithValues_isValidCollection_returnsTrue" classname="com.marand.medAPI.Common.Validators.FieldValidatorTest" time="0"/>
  <testcase name="givenCollection_isValidArray_returnsFalse" classname="com.marand.medAPI.Common.Validators.FieldValidatorTest" time="0"/>
</testsuite>